Running: fuse.exe -relaunch -intstyle "ise" -incremental -lib "unisims_ver" -lib "unimacro_ver" -lib "xilinxcorelib_ver" -lib "secureip" -o "D:/Google Drive/Projects/FPGA/ddr_sdram/DDR_TB_isim_beh.exe" -prj "D:/Google Drive/Projects/FPGA/ddr_sdram/DDR_TB_beh.prj" "work.DDR_TB" "work.glbl" 
ISim P.20131013 (signature 0x7708f090)
Number of CPUs detected in this system: 4
Turning on mult-threading, number of parallel sub-compilation jobs: 8 
Determining compilation order of HDL files
Analyzing Verilog file "D:/Google Drive/Projects/FPGA/ddr_sdram/ipcore_dir/ddr_clk_mod.v" into library work
Analyzing Verilog file "D:/Google Drive/Projects/FPGA/ddr_sdram/ddr_sdram.v" into library work
WARNING:HDLCompiler:751 - "D:/Google Drive/Projects/FPGA/ddr_sdram/ddr_sdram.v" Line 84: Redeclaration of ansi port PWR_ON is not allowed
Analyzing Verilog file "D:/Google Drive/Projects/FPGA/ddr_sdram/DDR_TB.v" into library work
WARNING:HDLCompiler:568 - "D:/Google Drive/Projects/FPGA/ddr_sdram/DDR_TB.v" Line 144: Constant value is truncated to fit in <10> bits.
WARNING:HDLCompiler:568 - "D:/Google Drive/Projects/FPGA/ddr_sdram/DDR_TB.v" Line 162: Constant value is truncated to fit in <10> bits.
Analyzing Verilog file "D:/Xilinx/14.7/ISE_DS/ISE//verilog/src/glbl.v" into library work
Starting static elaboration
Completed static elaboration
Compiling module IBUFG
Compiling module PLL_ADV(BANDWIDTH="OPTIMIZED",CL...
Compiling module PLL_BASE(CLKFBOUT_MULT=9,CLKIN_P...
Compiling module BUFG
Compiling module ddr_clk_mod
Compiling module OBUFDS
Compiling module ddr_sdram(BURST_LENGTH=5'b010)
Compiling module DDR_TB
Compiling module glbl
Time Resolution for simulation is 1ps.
Waiting for 1 sub-compilation(s) to finish...
Compiled 9 Verilog Units
Built simulation executable D:/Google Drive/Projects/FPGA/ddr_sdram/DDR_TB_isim_beh.exe
Fuse Memory Usage: 41860 KB
Fuse CPU Usage: 796 ms
