Command line:
   DDR_TB_isim_beh.exe
     -simmode  gui
     -simrunnum  0
     -socket  62600

Wed Aug 19 20:43:59 2015


 Elaboration Time: 0.140625 sec

 Current Memory Usage: 1013.64 Meg

 Total Signals          : 175
 Total Nets             : 787
 Total Signal Drivers   : 121
 Total Blocks           : 22
 Total Primitive Blocks : 7
 Total Processes        : 216
 Total Traceable Variables  : 480
 Total Scalar Nets and Variables : 9490
Total Line Count : 1847

 Total Simulation Time: 0.3125 sec

 Current Memory Usage: 384.426 Meg

Wed Aug 19 20:46:28 2015

